<?xml version="1.0" encoding="UTF-8"?>
<!-- Generated by org.testng.reporters.JUnitReportReporter -->
<testsuite hostname="DESKTOP-QPL55TO" failures="0" tests="3" name="files.DynamicJson" time="4.436" errors="0" timestamp="2022-04-23T00:09:35 TRT" skipped="0">
  <testcase classname="files.DynamicJson" name="addBook" time="0.764"/>
  <system-out/>
  <testcase classname="files.DynamicJson" name="addBook" time="0.753"/>
  <system-out/>
  <testcase classname="files.DynamicJson" name="addBook" time="2.919"/>
  <system-out/>
</testsuite> <!-- files.DynamicJson -->
