<?xml version="1.0" encoding="UTF-8"?>
<!-- Generated by org.testng.reporters.JUnitReportReporter -->
<testsuite hostname="DESKTOP-QPL55TO" failures="0" tests="1" name="SumValidation" time="1.338" errors="0" timestamp="2022-04-22T17:15:50 TRT" skipped="0">
  <testcase classname="SumValidation" name="sumOfCourses" time="1.338"/>
  <system-out/>
</testsuite> <!-- SumValidation -->
